<?xml version="1.0" encoding="UTF-8"?>
<testng-results skipped="0" failed="0" total="1" passed="1">
  <reporter-output>
  </reporter-output>
  <suite name="Default suite" duration-ms="34" started-at="2018-05-08T06:41:53Z" finished-at="2018-05-08T06:41:53Z">
    <groups>
    </groups>
    <test name="Default test" duration-ms="34" started-at="2018-05-08T06:41:53Z" finished-at="2018-05-08T06:41:53Z">
      <class name="com.zoomcar.mavensampleproject.testscripts.DemoTest">
        <test-method status="PASS" signature="create()[pri:0, instance:com.zoomcar.mavensampleproject.testscripts.DemoTest@4501b7af]" name="create" duration-ms="17" started-at="2018-05-08T12:11:53Z" finished-at="2018-05-08T12:11:53Z">
          <reporter-output>
          </reporter-output>
        </test-method> <!-- create -->
      </class> <!-- com.zoomcar.mavensampleproject.testscripts.DemoTest -->
    </test> <!-- Default test -->
  </suite> <!-- Default suite -->
</testng-results>
